<?xml version="1.0" encoding="UTF-8"?>
<!-- Generated by org.testng.reporters.JUnitXMLReporter -->
<testsuite ignored="0" hostname="Sabeeha" failures="0" tests="6" name="Default test" time="0.059" errors="0" timestamp="2022-11-08T15:51:20 IST">
  <testcase classname="testng.class1" name="login" time="0.011"/>
  <testcase classname="testng.class1" name="customerdeatails" time="0.001"/>
  <testcase classname="testng.class1" name="productdetails" time="0.002"/>
  <testcase classname="testng.class2" name="paymentdetails" time="0.001"/>
  <testcase classname="testng.class2" name="deliveryprocess" time="0.001"/>
  <testcase classname="testng.class3" name="feedback" time="0.001"/>
</testsuite> <!-- Default test -->
